<?xml version="1.0" encoding="UTF-8"?>
<!-- Generated by org.testng.reporters.JUnitReportReporter -->
<testsuite hostname="DLLA1439" name="com.qait.politico.states.tests.PoliticoStates_Content_Article_Tests" tests="7" failures="0" timestamp="25 Apr 2018 16:28:10 GMT" time="256.354" errors="1">
  <testcase name="Test006_Save_Before_Publish_Article" time="23.351" classname="com.qait.politico.states.tests.PoliticoStates_Content_Article_Tests"/>
  <testcase name="Test002_Launch_Article_Creation_Window" time="11.196" classname="com.qait.politico.states.tests.PoliticoStates_Content_Article_Tests"/>
  <testcase name="Test007_Publish_Article" time="18.913" classname="com.qait.politico.states.tests.PoliticoStates_Content_Article_Tests"/>
  <testcase name="Test005_Creating_And_Publishing_Article" time="61.057" classname="com.qait.politico.states.tests.PoliticoStates_Content_Article_Tests"/>
  <testcase name="Test013_Verifying_PermaLink_Launch_Redirect_Correctly" time="30.040" classname="com.qait.politico.states.tests.PoliticoStates_Content_Article_Tests">
    <error type="java.lang.AssertionError" message="FAILED: Element login_link_new not found on the PoliticoProFrontEndUserLoginActions !!!">
      <![CDATA[java.lang.AssertionError: FAILED: Element login_link_new not found on the PoliticoProFrontEndUserLoginActions !!!
	at org.testng.Assert.fail(Assert.java:94)
	at com.qait.automation.getpageobjects.GetPage.element(GetPage.java:105)
	at com.qait.automation.getpageobjects.GetPage.element(GetPage.java:80)
	at com.qait.automation.getpageobjects.GetPage.isElementDisplayed(GetPage.java:231)
	at com.qait.automation.keywords.PoliticoPro_FrontEnd_UserLogin_Actions.click_LogIn_link(PoliticoPro_FrontEnd_UserLogin_Actions.java:57)
	at com.qait.politico.states.tests.PoliticoStates_Content_Article_Tests.Test013_Verifying_PermaLink_Launch_Redirect_Correctly(PoliticoStates_Content_Article_Tests.java:108)
	at sun.reflect.NativeMethodAccessorImpl.invoke0(Native Method)
	at sun.reflect.NativeMethodAccessorImpl.invoke(Unknown Source)
	at sun.reflect.DelegatingMethodAccessorImpl.invoke(Unknown Source)
	at java.lang.reflect.Method.invoke(Unknown Source)
	at org.testng.internal.MethodInvocationHelper.invokeMethod(MethodInvocationHelper.java:84)
	at org.testng.internal.Invoker.invokeMethod(Invoker.java:714)
	at org.testng.internal.Invoker.invokeTestMethod(Invoker.java:901)
	at org.testng.internal.Invoker.invokeTestMethods(Invoker.java:1231)
	at org.testng.internal.TestMethodWorker.invokeTestMethods(TestMethodWorker.java:127)
	at org.testng.internal.TestMethodWorker.run(TestMethodWorker.java:111)
	at org.testng.TestRunner.privateRun(TestRunner.java:767)
	at org.testng.TestRunner.run(TestRunner.java:617)
	at org.testng.SuiteRunner.runTest(SuiteRunner.java:334)
	at org.testng.SuiteRunner.access$000(SuiteRunner.java:37)
	at org.testng.SuiteRunner$SuiteWorker.run(SuiteRunner.java:368)
	at org.testng.internal.thread.ThreadUtil$2.call(ThreadUtil.java:64)
	at java.util.concurrent.FutureTask.run(Unknown Source)
	at java.util.concurrent.ThreadPoolExecutor.runWorker(Unknown Source)
	at java.util.concurrent.ThreadPoolExecutor$Worker.run(Unknown Source)
	at java.lang.Thread.run(Unknown Source)
]]>
    </error>
  </testcase> <!-- Test013_Verifying_PermaLink_Launch_Redirect_Correctly -->
  <testcase name="Test001_Login" time="19.948" classname="com.qait.politico.states.tests.PoliticoStates_Content_Article_Tests"/>
  <testcase name="Test012_Verifying_PermaLink_After_Creating_And_Publishing_Article" time="91.849" classname="com.qait.politico.states.tests.PoliticoStates_Content_Article_Tests"/>
</testsuite> <!-- com.qait.politico.states.tests.PoliticoStates_Content_Article_Tests -->
