<?xml version="1.0" encoding="UTF-8"?>
<!-- Generated by org.testng.reporters.JUnitReportReporter -->
<testsuite hostname="DLLA1439" name="com.qait.politico.core.tests.Core_FrontEndSignup_And_CoreHeader_Tests" tests="10" failures="0" timestamp="25 Apr 2018 12:26:37 GMT" time="106.856" errors="7">
  <testcase name="Test009_Verify_StatesTagPages" time="1.483" classname="com.qait.politico.core.tests.Core_FrontEndSignup_And_CoreHeader_Tests">
    <error type="java.lang.AssertionError" message="FAILED: Element link_USEdition not found on the AgendaFrontEndPage !!!">
      <![CDATA[java.lang.AssertionError: FAILED: Element link_USEdition not found on the AgendaFrontEndPage !!!
	at org.testng.Assert.fail(Assert.java:94)
	at com.qait.automation.getpageobjects.GetPage.element(GetPage.java:105)
	at com.qait.automation.getpageobjects.GetPage.element(GetPage.java:80)
	at com.qait.automation.keywords.Agenda_FrontEnd_Page_Actions.clickUSEditionTabOnHeader(Agenda_FrontEnd_Page_Actions.java:256)
	at com.qait.politico.core.tests.Core_FrontEndSignup_And_CoreHeader_Tests.Test009_Verify_StatesTagPages(Core_FrontEndSignup_And_CoreHeader_Tests.java:65)
	at sun.reflect.NativeMethodAccessorImpl.invoke0(Native Method)
	at sun.reflect.NativeMethodAccessorImpl.invoke(Unknown Source)
	at sun.reflect.DelegatingMethodAccessorImpl.invoke(Unknown Source)
	at java.lang.reflect.Method.invoke(Unknown Source)
	at org.testng.internal.MethodInvocationHelper.invokeMethod(MethodInvocationHelper.java:84)
	at org.testng.internal.Invoker.invokeMethod(Invoker.java:714)
	at org.testng.internal.Invoker.invokeTestMethod(Invoker.java:901)
	at org.testng.internal.Invoker.invokeTestMethods(Invoker.java:1231)
	at org.testng.internal.TestMethodWorker.invokeTestMethods(TestMethodWorker.java:127)
	at org.testng.internal.TestMethodWorker.run(TestMethodWorker.java:111)
	at org.testng.TestRunner.privateRun(TestRunner.java:767)
	at org.testng.TestRunner.run(TestRunner.java:617)
	at org.testng.SuiteRunner.runTest(SuiteRunner.java:334)
	at org.testng.SuiteRunner.access$000(SuiteRunner.java:37)
	at org.testng.SuiteRunner$SuiteWorker.run(SuiteRunner.java:368)
	at org.testng.internal.thread.ThreadUtil$2.call(ThreadUtil.java:64)
	at java.util.concurrent.FutureTask.run(Unknown Source)
	at java.util.concurrent.ThreadPoolExecutor.runWorker(Unknown Source)
	at java.util.concurrent.ThreadPoolExecutor$Worker.run(Unknown Source)
	at java.lang.Thread.run(Unknown Source)
]]>
    </error>
  </testcase> <!-- Test009_Verify_StatesTagPages -->
  <testcase name="Test006_Verify_BlogPost" time="2.385" classname="com.qait.politico.core.tests.Core_FrontEndSignup_And_CoreHeader_Tests">
    <error type="java.lang.AssertionError" message="FAILED: Element hamburger_BlogOptions not found on the coreFrontendActionsPage !!!">
      <![CDATA[java.lang.AssertionError: FAILED: Element hamburger_BlogOptions not found on the coreFrontendActionsPage !!!
	at org.testng.Assert.fail(Assert.java:94)
	at com.qait.automation.getpageobjects.GetPage.element(GetPage.java:105)
	at com.qait.automation.keywords.Core_Frontend_Actions.selectOptionFromBlogsAndColumns(Core_Frontend_Actions.java:2149)
	at com.qait.politico.core.tests.Core_FrontEndSignup_And_CoreHeader_Tests.Test006_Verify_BlogPost(Core_FrontEndSignup_And_CoreHeader_Tests.java:46)
	at sun.reflect.NativeMethodAccessorImpl.invoke0(Native Method)
	at sun.reflect.NativeMethodAccessorImpl.invoke(Unknown Source)
	at sun.reflect.DelegatingMethodAccessorImpl.invoke(Unknown Source)
	at java.lang.reflect.Method.invoke(Unknown Source)
	at org.testng.internal.MethodInvocationHelper.invokeMethod(MethodInvocationHelper.java:84)
	at org.testng.internal.Invoker.invokeMethod(Invoker.java:714)
	at org.testng.internal.Invoker.invokeTestMethod(Invoker.java:901)
	at org.testng.internal.Invoker.invokeTestMethods(Invoker.java:1231)
	at org.testng.internal.TestMethodWorker.invokeTestMethods(TestMethodWorker.java:127)
	at org.testng.internal.TestMethodWorker.run(TestMethodWorker.java:111)
	at org.testng.TestRunner.privateRun(TestRunner.java:767)
	at org.testng.TestRunner.run(TestRunner.java:617)
	at org.testng.SuiteRunner.runTest(SuiteRunner.java:334)
	at org.testng.SuiteRunner.access$000(SuiteRunner.java:37)
	at org.testng.SuiteRunner$SuiteWorker.run(SuiteRunner.java:368)
	at org.testng.internal.thread.ThreadUtil$2.call(ThreadUtil.java:64)
	at java.util.concurrent.FutureTask.run(Unknown Source)
	at java.util.concurrent.ThreadPoolExecutor.runWorker(Unknown Source)
	at java.util.concurrent.ThreadPoolExecutor$Worker.run(Unknown Source)
	at java.lang.Thread.run(Unknown Source)
]]>
    </error>
  </testcase> <!-- Test006_Verify_BlogPost -->
  <testcase name="Test007_Verify_UpcomingEvents" time="1.621" classname="com.qait.politico.core.tests.Core_FrontEndSignup_And_CoreHeader_Tests">
    <error type="java.lang.AssertionError" message="FAILED: Element hamburger_EventsOptions not found on the coreFrontendActionsPage !!!">
      <![CDATA[java.lang.AssertionError: FAILED: Element hamburger_EventsOptions not found on the coreFrontendActionsPage !!!
	at org.testng.Assert.fail(Assert.java:94)
	at com.qait.automation.getpageobjects.GetPage.element(GetPage.java:105)
	at com.qait.automation.keywords.Core_Frontend_Actions.selectOptionFromEvents(Core_Frontend_Actions.java:2159)
	at com.qait.politico.core.tests.Core_FrontEndSignup_And_CoreHeader_Tests.Test007_Verify_UpcomingEvents(Core_FrontEndSignup_And_CoreHeader_Tests.java:54)
	at sun.reflect.NativeMethodAccessorImpl.invoke0(Native Method)
	at sun.reflect.NativeMethodAccessorImpl.invoke(Unknown Source)
	at sun.reflect.DelegatingMethodAccessorImpl.invoke(Unknown Source)
	at java.lang.reflect.Method.invoke(Unknown Source)
	at org.testng.internal.MethodInvocationHelper.invokeMethod(MethodInvocationHelper.java:84)
	at org.testng.internal.Invoker.invokeMethod(Invoker.java:714)
	at org.testng.internal.Invoker.invokeTestMethod(Invoker.java:901)
	at org.testng.internal.Invoker.invokeTestMethods(Invoker.java:1231)
	at org.testng.internal.TestMethodWorker.invokeTestMethods(TestMethodWorker.java:127)
	at org.testng.internal.TestMethodWorker.run(TestMethodWorker.java:111)
	at org.testng.TestRunner.privateRun(TestRunner.java:767)
	at org.testng.TestRunner.run(TestRunner.java:617)
	at org.testng.SuiteRunner.runTest(SuiteRunner.java:334)
	at org.testng.SuiteRunner.access$000(SuiteRunner.java:37)
	at org.testng.SuiteRunner$SuiteWorker.run(SuiteRunner.java:368)
	at org.testng.internal.thread.ThreadUtil$2.call(ThreadUtil.java:64)
	at java.util.concurrent.FutureTask.run(Unknown Source)
	at java.util.concurrent.ThreadPoolExecutor.runWorker(Unknown Source)
	at java.util.concurrent.ThreadPoolExecutor$Worker.run(Unknown Source)
	at java.lang.Thread.run(Unknown Source)
]]>
    </error>
  </testcase> <!-- Test007_Verify_UpcomingEvents -->
  <testcase name="Test010_VerifyPlaybookPlus" time="1.855" classname="com.qait.politico.core.tests.Core_FrontEndSignup_And_CoreHeader_Tests">
    <error type="java.lang.AssertionError" message="FAILED: Element hamburger_BlogOptions not found on the coreFrontendActionsPage !!!">
      <![CDATA[java.lang.AssertionError: FAILED: Element hamburger_BlogOptions not found on the coreFrontendActionsPage !!!
	at org.testng.Assert.fail(Assert.java:94)
	at com.qait.automation.getpageobjects.GetPage.element(GetPage.java:105)
	at com.qait.automation.keywords.Core_Frontend_Actions.selectOptionFromBlogsAndColumns(Core_Frontend_Actions.java:2149)
	at com.qait.politico.core.tests.Core_FrontEndSignup_And_CoreHeader_Tests.Test010_VerifyPlaybookPlus(Core_FrontEndSignup_And_CoreHeader_Tests.java:74)
	at sun.reflect.NativeMethodAccessorImpl.invoke0(Native Method)
	at sun.reflect.NativeMethodAccessorImpl.invoke(Unknown Source)
	at sun.reflect.DelegatingMethodAccessorImpl.invoke(Unknown Source)
	at java.lang.reflect.Method.invoke(Unknown Source)
	at org.testng.internal.MethodInvocationHelper.invokeMethod(MethodInvocationHelper.java:84)
	at org.testng.internal.Invoker.invokeMethod(Invoker.java:714)
	at org.testng.internal.Invoker.invokeTestMethod(Invoker.java:901)
	at org.testng.internal.Invoker.invokeTestMethods(Invoker.java:1231)
	at org.testng.internal.TestMethodWorker.invokeTestMethods(TestMethodWorker.java:127)
	at org.testng.internal.TestMethodWorker.run(TestMethodWorker.java:111)
	at org.testng.TestRunner.privateRun(TestRunner.java:767)
	at org.testng.TestRunner.run(TestRunner.java:617)
	at org.testng.SuiteRunner.runTest(SuiteRunner.java:334)
	at org.testng.SuiteRunner.access$000(SuiteRunner.java:37)
	at org.testng.SuiteRunner$SuiteWorker.run(SuiteRunner.java:368)
	at org.testng.internal.thread.ThreadUtil$2.call(ThreadUtil.java:64)
	at java.util.concurrent.FutureTask.run(Unknown Source)
	at java.util.concurrent.ThreadPoolExecutor.runWorker(Unknown Source)
	at java.util.concurrent.ThreadPoolExecutor$Worker.run(Unknown Source)
	at java.lang.Thread.run(Unknown Source)
]]>
    </error>
  </testcase> <!-- Test010_VerifyPlaybookPlus -->
  <testcase name="Test008_Verify_PreviousEvents" time="2.094" classname="com.qait.politico.core.tests.Core_FrontEndSignup_And_CoreHeader_Tests">
    <error type="java.lang.AssertionError" message="FAILED: Element hamburger_EventsOptions not found on the coreFrontendActionsPage !!!">
      <![CDATA[java.lang.AssertionError: FAILED: Element hamburger_EventsOptions not found on the coreFrontendActionsPage !!!
	at org.testng.Assert.fail(Assert.java:94)
	at com.qait.automation.getpageobjects.GetPage.element(GetPage.java:105)
	at com.qait.automation.keywords.Core_Frontend_Actions.selectOptionFromEvents(Core_Frontend_Actions.java:2159)
	at com.qait.politico.core.tests.Core_FrontEndSignup_And_CoreHeader_Tests.Test008_Verify_PreviousEvents(Core_FrontEndSignup_And_CoreHeader_Tests.java:60)
	at sun.reflect.NativeMethodAccessorImpl.invoke0(Native Method)
	at sun.reflect.NativeMethodAccessorImpl.invoke(Unknown Source)
	at sun.reflect.DelegatingMethodAccessorImpl.invoke(Unknown Source)
	at java.lang.reflect.Method.invoke(Unknown Source)
	at org.testng.internal.MethodInvocationHelper.invokeMethod(MethodInvocationHelper.java:84)
	at org.testng.internal.Invoker.invokeMethod(Invoker.java:714)
	at org.testng.internal.Invoker.invokeTestMethod(Invoker.java:901)
	at org.testng.internal.Invoker.invokeTestMethods(Invoker.java:1231)
	at org.testng.internal.TestMethodWorker.invokeTestMethods(TestMethodWorker.java:127)
	at org.testng.internal.TestMethodWorker.run(TestMethodWorker.java:111)
	at org.testng.TestRunner.privateRun(TestRunner.java:767)
	at org.testng.TestRunner.run(TestRunner.java:617)
	at org.testng.SuiteRunner.runTest(SuiteRunner.java:334)
	at org.testng.SuiteRunner.access$000(SuiteRunner.java:37)
	at org.testng.SuiteRunner$SuiteWorker.run(SuiteRunner.java:368)
	at org.testng.internal.thread.ThreadUtil$2.call(ThreadUtil.java:64)
	at java.util.concurrent.FutureTask.run(Unknown Source)
	at java.util.concurrent.ThreadPoolExecutor.runWorker(Unknown Source)
	at java.util.concurrent.ThreadPoolExecutor$Worker.run(Unknown Source)
	at java.lang.Thread.run(Unknown Source)
]]>
    </error>
  </testcase> <!-- Test008_Verify_PreviousEvents -->
  <testcase name="Test001_Launch_NewsletterLandingPage" time="25.440" classname="com.qait.politico.core.tests.Core_FrontEndSignup_And_CoreHeader_Tests"/>
  <testcase name="Test005_Verify_PolicyTagPage_PreviousPageFunctionality" time="3.458" classname="com.qait.politico.core.tests.Core_FrontEndSignup_And_CoreHeader_Tests"/>
  <testcase name="Test002_Subscribe_Newsletter" time="34.857" classname="com.qait.politico.core.tests.Core_FrontEndSignup_And_CoreHeader_Tests">
    <error type="java.lang.AssertionError" message="FAILED: Element text_NewsletterLanding_SubscriptionVerify not found on the NewsletterSignUpPage !!!">
      <![CDATA[java.lang.AssertionError: FAILED: Element text_NewsletterLanding_SubscriptionVerify not found on the NewsletterSignUpPage !!!
	at org.testng.Assert.fail(Assert.java:94)
	at com.qait.automation.getpageobjects.GetPage.element(GetPage.java:105)
	at com.qait.automation.getpageobjects.GetPage.isElementDisplayed(GetPage.java:198)
	at com.qait.automation.keywords.NewsletterSignUpActions.subscribeNewsletterOnNewsletterLandingPage(NewsletterSignUpActions.java:400)
	at com.qait.politico.core.tests.Core_FrontEndSignup_And_CoreHeader_Tests.Test002_Subscribe_Newsletter(Core_FrontEndSignup_And_CoreHeader_Tests.java:24)
	at sun.reflect.NativeMethodAccessorImpl.invoke0(Native Method)
	at sun.reflect.NativeMethodAccessorImpl.invoke(Unknown Source)
	at sun.reflect.DelegatingMethodAccessorImpl.invoke(Unknown Source)
	at java.lang.reflect.Method.invoke(Unknown Source)
	at org.testng.internal.MethodInvocationHelper.invokeMethod(MethodInvocationHelper.java:84)
	at org.testng.internal.Invoker.invokeMethod(Invoker.java:714)
	at org.testng.internal.Invoker.invokeTestMethod(Invoker.java:901)
	at org.testng.internal.Invoker.invokeTestMethods(Invoker.java:1231)
	at org.testng.internal.TestMethodWorker.invokeTestMethods(TestMethodWorker.java:127)
	at org.testng.internal.TestMethodWorker.run(TestMethodWorker.java:111)
	at org.testng.TestRunner.privateRun(TestRunner.java:767)
	at org.testng.TestRunner.run(TestRunner.java:617)
	at org.testng.SuiteRunner.runTest(SuiteRunner.java:334)
	at org.testng.SuiteRunner.access$000(SuiteRunner.java:37)
	at org.testng.SuiteRunner$SuiteWorker.run(SuiteRunner.java:368)
	at org.testng.internal.thread.ThreadUtil$2.call(ThreadUtil.java:64)
	at java.util.concurrent.FutureTask.run(Unknown Source)
	at java.util.concurrent.ThreadPoolExecutor.runWorker(Unknown Source)
	at java.util.concurrent.ThreadPoolExecutor$Worker.run(Unknown Source)
	at java.lang.Thread.run(Unknown Source)
]]>
    </error>
  </testcase> <!-- Test002_Subscribe_Newsletter -->
  <testcase name="Test004_Verify_PolicyTagPage_NextPageFunctionality" time="3.095" classname="com.qait.politico.core.tests.Core_FrontEndSignup_And_CoreHeader_Tests"/>
  <testcase name="Test003_NavigateToPolicyPage" time="30.568" classname="com.qait.politico.core.tests.Core_FrontEndSignup_And_CoreHeader_Tests">
    <error type="java.lang.AssertionError" message="FAILED: Element link_Header_Tabs not found on the AgendaFrontEndPage !!!">
      <![CDATA[java.lang.AssertionError: FAILED: Element link_Header_Tabs not found on the AgendaFrontEndPage !!!
	at org.testng.Assert.fail(Assert.java:94)
	at com.qait.automation.getpageobjects.GetPage.element(GetPage.java:105)
	at com.qait.automation.keywords.Agenda_FrontEnd_Page_Actions.clickHeaderTab(Agenda_FrontEnd_Page_Actions.java:76)
	at com.qait.politico.core.tests.Core_FrontEndSignup_And_CoreHeader_Tests.Test003_NavigateToPolicyPage(Core_FrontEndSignup_And_CoreHeader_Tests.java:29)
	at sun.reflect.NativeMethodAccessorImpl.invoke0(Native Method)
	at sun.reflect.NativeMethodAccessorImpl.invoke(Unknown Source)
	at sun.reflect.DelegatingMethodAccessorImpl.invoke(Unknown Source)
	at java.lang.reflect.Method.invoke(Unknown Source)
	at org.testng.internal.MethodInvocationHelper.invokeMethod(MethodInvocationHelper.java:84)
	at org.testng.internal.Invoker.invokeMethod(Invoker.java:714)
	at org.testng.internal.Invoker.invokeTestMethod(Invoker.java:901)
	at org.testng.internal.Invoker.invokeTestMethods(Invoker.java:1231)
	at org.testng.internal.TestMethodWorker.invokeTestMethods(TestMethodWorker.java:127)
	at org.testng.internal.TestMethodWorker.run(TestMethodWorker.java:111)
	at org.testng.TestRunner.privateRun(TestRunner.java:767)
	at org.testng.TestRunner.run(TestRunner.java:617)
	at org.testng.SuiteRunner.runTest(SuiteRunner.java:334)
	at org.testng.SuiteRunner.access$000(SuiteRunner.java:37)
	at org.testng.SuiteRunner$SuiteWorker.run(SuiteRunner.java:368)
	at org.testng.internal.thread.ThreadUtil$2.call(ThreadUtil.java:64)
	at java.util.concurrent.FutureTask.run(Unknown Source)
	at java.util.concurrent.ThreadPoolExecutor.runWorker(Unknown Source)
	at java.util.concurrent.ThreadPoolExecutor$Worker.run(Unknown Source)
	at java.lang.Thread.run(Unknown Source)
]]>
    </error>
  </testcase> <!-- Test003_NavigateToPolicyPage -->
</testsuite> <!-- com.qait.politico.core.tests.Core_FrontEndSignup_And_CoreHeader_Tests -->
