<?xml version="1.0" encoding="UTF-8"?>
<!-- Generated by org.testng.reporters.JUnitReportReporter -->
<testsuite hostname="DLLA1439" name="com.qait.politico.core.tests.Magazine_Content_Article_Tests" tests="8" failures="0" timestamp="25 Apr 2018 12:26:37 GMT" time="227.126" errors="7">
  <testcase name="Test005_Creating_And_Publishing_Article" time="44.711" classname="com.qait.politico.core.tests.Magazine_Content_Article_Tests">
    <error type="java.lang.AssertionError" message="FAILED: Element tabs_OnContentType not found on the politicoActionsPage !!!">
      <![CDATA[java.lang.AssertionError: FAILED: Element tabs_OnContentType not found on the politicoActionsPage !!!
	at org.testng.Assert.fail(Assert.java:94)
	at com.qait.automation.getpageobjects.GetPage.element(GetPage.java:105)
	at com.qait.automation.keywords.Politico_CMS_Actions.selectTabOnContentTypePage(Politico_CMS_Actions.java:1797)
	at com.qait.politico.core.tests.Magazine_Content_Article_Tests.Test005_Creating_And_Publishing_Article(Magazine_Content_Article_Tests.java:61)
	at sun.reflect.NativeMethodAccessorImpl.invoke0(Native Method)
	at sun.reflect.NativeMethodAccessorImpl.invoke(Unknown Source)
	at sun.reflect.DelegatingMethodAccessorImpl.invoke(Unknown Source)
	at java.lang.reflect.Method.invoke(Unknown Source)
	at org.testng.internal.MethodInvocationHelper.invokeMethod(MethodInvocationHelper.java:84)
	at org.testng.internal.Invoker.invokeMethod(Invoker.java:714)
	at org.testng.internal.Invoker.invokeTestMethod(Invoker.java:901)
	at org.testng.internal.Invoker.invokeTestMethods(Invoker.java:1231)
	at org.testng.internal.TestMethodWorker.invokeTestMethods(TestMethodWorker.java:127)
	at org.testng.internal.TestMethodWorker.run(TestMethodWorker.java:111)
	at org.testng.TestRunner.privateRun(TestRunner.java:767)
	at org.testng.TestRunner.run(TestRunner.java:617)
	at org.testng.SuiteRunner.runTest(SuiteRunner.java:334)
	at org.testng.SuiteRunner.access$000(SuiteRunner.java:37)
	at org.testng.SuiteRunner$SuiteWorker.run(SuiteRunner.java:368)
	at org.testng.internal.thread.ThreadUtil$2.call(ThreadUtil.java:64)
	at java.util.concurrent.FutureTask.run(Unknown Source)
	at java.util.concurrent.ThreadPoolExecutor.runWorker(Unknown Source)
	at java.util.concurrent.ThreadPoolExecutor$Worker.run(Unknown Source)
	at java.lang.Thread.run(Unknown Source)
]]>
    </error>
  </testcase> <!-- Test005_Creating_And_Publishing_Article -->
  <testcase name="Test007_Publish_Article" time="33.481" classname="com.qait.politico.core.tests.Magazine_Content_Article_Tests">
    <error type="java.lang.AssertionError" message="FAILED: Element publishBlock_selectedTab_ParentNode not found on the politicoActionsPage !!!">
      <![CDATA[java.lang.AssertionError: FAILED: Element publishBlock_selectedTab_ParentNode not found on the politicoActionsPage !!!
	at org.testng.Assert.fail(Assert.java:94)
	at com.qait.automation.getpageobjects.GetPage.element(GetPage.java:105)
	at com.qait.automation.keywords.Politico_CMS_Actions.selectPublishTabIfWorkfowTabIsSelected(Politico_CMS_Actions.java:1474)
	at com.qait.politico.core.tests.Magazine_Content_Article_Tests.Test007_Publish_Article(Magazine_Content_Article_Tests.java:81)
	at sun.reflect.NativeMethodAccessorImpl.invoke0(Native Method)
	at sun.reflect.NativeMethodAccessorImpl.invoke(Unknown Source)
	at sun.reflect.DelegatingMethodAccessorImpl.invoke(Unknown Source)
	at java.lang.reflect.Method.invoke(Unknown Source)
	at org.testng.internal.MethodInvocationHelper.invokeMethod(MethodInvocationHelper.java:84)
	at org.testng.internal.Invoker.invokeMethod(Invoker.java:714)
	at org.testng.internal.Invoker.invokeTestMethod(Invoker.java:901)
	at org.testng.internal.Invoker.invokeTestMethods(Invoker.java:1231)
	at org.testng.internal.TestMethodWorker.invokeTestMethods(TestMethodWorker.java:127)
	at org.testng.internal.TestMethodWorker.run(TestMethodWorker.java:111)
	at org.testng.TestRunner.privateRun(TestRunner.java:767)
	at org.testng.TestRunner.run(TestRunner.java:617)
	at org.testng.SuiteRunner.runTest(SuiteRunner.java:334)
	at org.testng.SuiteRunner.access$000(SuiteRunner.java:37)
	at org.testng.SuiteRunner$SuiteWorker.run(SuiteRunner.java:368)
	at org.testng.internal.thread.ThreadUtil$2.call(ThreadUtil.java:64)
	at java.util.concurrent.FutureTask.run(Unknown Source)
	at java.util.concurrent.ThreadPoolExecutor.runWorker(Unknown Source)
	at java.util.concurrent.ThreadPoolExecutor$Worker.run(Unknown Source)
	at java.lang.Thread.run(Unknown Source)
]]>
    </error>
  </testcase> <!-- Test007_Publish_Article -->
  <testcase name="Test008_Verify_Permalink" time="30.026" classname="com.qait.politico.core.tests.Magazine_Content_Article_Tests">
    <error type="java.lang.AssertionError" message="FAILED: Element text_Permalink not found on the politicoActionsPage !!!">
      <![CDATA[java.lang.AssertionError: FAILED: Element text_Permalink not found on the politicoActionsPage !!!
	at org.testng.Assert.fail(Assert.java:94)
	at com.qait.automation.getpageobjects.GetPage.element(GetPage.java:105)
	at com.qait.automation.getpageobjects.GetPage.element(GetPage.java:80)
	at com.qait.automation.keywords.Politico_CMS_Actions.getGeneratedPermalink(Politico_CMS_Actions.java:1370)
	at com.qait.automation.keywords.Politico_CMS_Actions.verifyPermalinkIsGeneratedForTheContent(Politico_CMS_Actions.java:1344)
	at com.qait.politico.core.tests.Magazine_Content_Article_Tests.Test008_Verify_Permalink(Magazine_Content_Article_Tests.java:94)
	at sun.reflect.NativeMethodAccessorImpl.invoke0(Native Method)
	at sun.reflect.NativeMethodAccessorImpl.invoke(Unknown Source)
	at sun.reflect.DelegatingMethodAccessorImpl.invoke(Unknown Source)
	at java.lang.reflect.Method.invoke(Unknown Source)
	at org.testng.internal.MethodInvocationHelper.invokeMethod(MethodInvocationHelper.java:84)
	at org.testng.internal.Invoker.invokeMethod(Invoker.java:714)
	at org.testng.internal.Invoker.invokeTestMethod(Invoker.java:901)
	at org.testng.internal.Invoker.invokeTestMethods(Invoker.java:1231)
	at org.testng.internal.TestMethodWorker.invokeTestMethods(TestMethodWorker.java:127)
	at org.testng.internal.TestMethodWorker.run(TestMethodWorker.java:111)
	at org.testng.TestRunner.privateRun(TestRunner.java:767)
	at org.testng.TestRunner.run(TestRunner.java:617)
	at org.testng.SuiteRunner.runTest(SuiteRunner.java:334)
	at org.testng.SuiteRunner.access$000(SuiteRunner.java:37)
	at org.testng.SuiteRunner$SuiteWorker.run(SuiteRunner.java:368)
	at org.testng.internal.thread.ThreadUtil$2.call(ThreadUtil.java:64)
	at java.util.concurrent.FutureTask.run(Unknown Source)
	at java.util.concurrent.ThreadPoolExecutor.runWorker(Unknown Source)
	at java.util.concurrent.ThreadPoolExecutor$Worker.run(Unknown Source)
	at java.lang.Thread.run(Unknown Source)
]]>
    </error>
  </testcase> <!-- Test008_Verify_Permalink -->
  <testcase name="Test010_VerifySocialLinksOnArticlePage" time="30.403" classname="com.qait.politico.core.tests.Magazine_Content_Article_Tests">
    <error type="java.lang.AssertionError" message="FAILED: Element facebook_leftRail_Icon not found on the coreFrontendActionsPage !!!">
      <![CDATA[java.lang.AssertionError: FAILED: Element facebook_leftRail_Icon not found on the coreFrontendActionsPage !!!
	at org.testng.Assert.fail(Assert.java:94)
	at com.qait.automation.getpageobjects.GetPage.element(GetPage.java:105)
	at com.qait.automation.getpageobjects.GetPage.element(GetPage.java:80)
	at com.qait.automation.keywords.Core_Frontend_Actions.verifySocialLinksOnLeftRailOfStoryPages(Core_Frontend_Actions.java:2358)
	at com.qait.politico.core.tests.Magazine_Content_Article_Tests.Test010_VerifySocialLinksOnArticlePage(Magazine_Content_Article_Tests.java:105)
	at sun.reflect.NativeMethodAccessorImpl.invoke0(Native Method)
	at sun.reflect.NativeMethodAccessorImpl.invoke(Unknown Source)
	at sun.reflect.DelegatingMethodAccessorImpl.invoke(Unknown Source)
	at java.lang.reflect.Method.invoke(Unknown Source)
	at org.testng.internal.MethodInvocationHelper.invokeMethod(MethodInvocationHelper.java:84)
	at org.testng.internal.Invoker.invokeMethod(Invoker.java:714)
	at org.testng.internal.Invoker.invokeTestMethod(Invoker.java:901)
	at org.testng.internal.Invoker.invokeTestMethods(Invoker.java:1231)
	at org.testng.internal.TestMethodWorker.invokeTestMethods(TestMethodWorker.java:127)
	at org.testng.internal.TestMethodWorker.run(TestMethodWorker.java:111)
	at org.testng.TestRunner.privateRun(TestRunner.java:767)
	at org.testng.TestRunner.run(TestRunner.java:617)
	at org.testng.SuiteRunner.runTest(SuiteRunner.java:334)
	at org.testng.SuiteRunner.access$000(SuiteRunner.java:37)
	at org.testng.SuiteRunner$SuiteWorker.run(SuiteRunner.java:368)
	at org.testng.internal.thread.ThreadUtil$2.call(ThreadUtil.java:64)
	at java.util.concurrent.FutureTask.run(Unknown Source)
	at java.util.concurrent.ThreadPoolExecutor.runWorker(Unknown Source)
	at java.util.concurrent.ThreadPoolExecutor$Worker.run(Unknown Source)
	at java.lang.Thread.run(Unknown Source)
]]>
    </error>
  </testcase> <!-- Test010_VerifySocialLinksOnArticlePage -->
  <testcase name="Test001_Login" time="19.805" classname="com.qait.politico.core.tests.Magazine_Content_Article_Tests"/>
  <testcase name="Test002_Launch_Article_Creation_Window" time="6.844" classname="com.qait.politico.core.tests.Magazine_Content_Article_Tests">
    <error type="java.lang.AssertionError" message="expected [true] but found [false]">
      <![CDATA[java.lang.AssertionError: expected [true] but found [false]
	at org.testng.Assert.fail(Assert.java:94)
	at org.testng.Assert.failNotEquals(Assert.java:494)
	at org.testng.Assert.assertTrue(Assert.java:42)
	at org.testng.Assert.assertTrue(Assert.java:52)
	at com.qait.automation.keywords.DashboardPageAction.switchSiteIfCurrentSiteIsGlobal(DashboardPageAction.java:70)
	at com.qait.politico.core.tests.Magazine_Content_Article_Tests.Test002_Launch_Article_Creation_Window(Magazine_Content_Article_Tests.java:35)
	at sun.reflect.NativeMethodAccessorImpl.invoke0(Native Method)
	at sun.reflect.NativeMethodAccessorImpl.invoke(Unknown Source)
	at sun.reflect.DelegatingMethodAccessorImpl.invoke(Unknown Source)
	at java.lang.reflect.Method.invoke(Unknown Source)
	at org.testng.internal.MethodInvocationHelper.invokeMethod(MethodInvocationHelper.java:84)
	at org.testng.internal.Invoker.invokeMethod(Invoker.java:714)
	at org.testng.internal.Invoker.invokeTestMethod(Invoker.java:901)
	at org.testng.internal.Invoker.invokeTestMethods(Invoker.java:1231)
	at org.testng.internal.TestMethodWorker.invokeTestMethods(TestMethodWorker.java:127)
	at org.testng.internal.TestMethodWorker.run(TestMethodWorker.java:111)
	at org.testng.TestRunner.privateRun(TestRunner.java:767)
	at org.testng.TestRunner.run(TestRunner.java:617)
	at org.testng.SuiteRunner.runTest(SuiteRunner.java:334)
	at org.testng.SuiteRunner.access$000(SuiteRunner.java:37)
	at org.testng.SuiteRunner$SuiteWorker.run(SuiteRunner.java:368)
	at org.testng.internal.thread.ThreadUtil$2.call(ThreadUtil.java:64)
	at java.util.concurrent.FutureTask.run(Unknown Source)
	at java.util.concurrent.ThreadPoolExecutor.runWorker(Unknown Source)
	at java.util.concurrent.ThreadPoolExecutor$Worker.run(Unknown Source)
	at java.lang.Thread.run(Unknown Source)
]]>
    </error>
  </testcase> <!-- Test002_Launch_Article_Creation_Window -->
  <testcase name="Test009_LaunchPermalinkForArticle" time="30.376" classname="com.qait.politico.core.tests.Magazine_Content_Article_Tests">
    <error type="java.lang.AssertionError" message="FAILED: Element text_Permalink not found on the politicoActionsPage !!!">
      <![CDATA[java.lang.AssertionError: FAILED: Element text_Permalink not found on the politicoActionsPage !!!
	at org.testng.Assert.fail(Assert.java:94)
	at com.qait.automation.getpageobjects.GetPage.element(GetPage.java:105)
	at com.qait.automation.getpageobjects.GetPage.element(GetPage.java:80)
	at com.qait.automation.keywords.Politico_CMS_Actions.launchPermalink(Politico_CMS_Actions.java:3262)
	at com.qait.politico.core.tests.Magazine_Content_Article_Tests.Test009_LaunchPermalinkForArticle(Magazine_Content_Article_Tests.java:99)
	at sun.reflect.NativeMethodAccessorImpl.invoke0(Native Method)
	at sun.reflect.NativeMethodAccessorImpl.invoke(Unknown Source)
	at sun.reflect.DelegatingMethodAccessorImpl.invoke(Unknown Source)
	at java.lang.reflect.Method.invoke(Unknown Source)
	at org.testng.internal.MethodInvocationHelper.invokeMethod(MethodInvocationHelper.java:84)
	at org.testng.internal.Invoker.invokeMethod(Invoker.java:714)
	at org.testng.internal.Invoker.invokeTestMethod(Invoker.java:901)
	at org.testng.internal.Invoker.invokeTestMethods(Invoker.java:1231)
	at org.testng.internal.TestMethodWorker.invokeTestMethods(TestMethodWorker.java:127)
	at org.testng.internal.TestMethodWorker.run(TestMethodWorker.java:111)
	at org.testng.TestRunner.privateRun(TestRunner.java:767)
	at org.testng.TestRunner.run(TestRunner.java:617)
	at org.testng.SuiteRunner.runTest(SuiteRunner.java:334)
	at org.testng.SuiteRunner.access$000(SuiteRunner.java:37)
	at org.testng.SuiteRunner$SuiteWorker.run(SuiteRunner.java:368)
	at org.testng.internal.thread.ThreadUtil$2.call(ThreadUtil.java:64)
	at java.util.concurrent.FutureTask.run(Unknown Source)
	at java.util.concurrent.ThreadPoolExecutor.runWorker(Unknown Source)
	at java.util.concurrent.ThreadPoolExecutor$Worker.run(Unknown Source)
	at java.lang.Thread.run(Unknown Source)
]]>
    </error>
  </testcase> <!-- Test009_LaunchPermalinkForArticle -->
  <testcase name="Test006_Save_Before_Publish_Article" time="31.480" classname="com.qait.politico.core.tests.Magazine_Content_Article_Tests">
    <error type="java.lang.AssertionError" message="FAILED: Element save_draft not found on the politicoActionsPage !!!">
      <![CDATA[java.lang.AssertionError: FAILED: Element save_draft not found on the politicoActionsPage !!!
	at org.testng.Assert.fail(Assert.java:94)
	at com.qait.automation.getpageobjects.GetPage.element(GetPage.java:105)
	at com.qait.automation.getpageobjects.GetPage.element(GetPage.java:80)
	at com.qait.automation.keywords.Politico_CMS_Actions.clickSaveDraftLinkOnPublishWidget(Politico_CMS_Actions.java:1590)
	at com.qait.politico.core.tests.Magazine_Content_Article_Tests.Test006_Save_Before_Publish_Article(Magazine_Content_Article_Tests.java:75)
	at sun.reflect.NativeMethodAccessorImpl.invoke0(Native Method)
	at sun.reflect.NativeMethodAccessorImpl.invoke(Unknown Source)
	at sun.reflect.DelegatingMethodAccessorImpl.invoke(Unknown Source)
	at java.lang.reflect.Method.invoke(Unknown Source)
	at org.testng.internal.MethodInvocationHelper.invokeMethod(MethodInvocationHelper.java:84)
	at org.testng.internal.Invoker.invokeMethod(Invoker.java:714)
	at org.testng.internal.Invoker.invokeTestMethod(Invoker.java:901)
	at org.testng.internal.Invoker.invokeTestMethods(Invoker.java:1231)
	at org.testng.internal.TestMethodWorker.invokeTestMethods(TestMethodWorker.java:127)
	at org.testng.internal.TestMethodWorker.run(TestMethodWorker.java:111)
	at org.testng.TestRunner.privateRun(TestRunner.java:767)
	at org.testng.TestRunner.run(TestRunner.java:617)
	at org.testng.SuiteRunner.runTest(SuiteRunner.java:334)
	at org.testng.SuiteRunner.access$000(SuiteRunner.java:37)
	at org.testng.SuiteRunner$SuiteWorker.run(SuiteRunner.java:368)
	at org.testng.internal.thread.ThreadUtil$2.call(ThreadUtil.java:64)
	at java.util.concurrent.FutureTask.run(Unknown Source)
	at java.util.concurrent.ThreadPoolExecutor.runWorker(Unknown Source)
	at java.util.concurrent.ThreadPoolExecutor$Worker.run(Unknown Source)
	at java.lang.Thread.run(Unknown Source)
]]>
    </error>
  </testcase> <!-- Test006_Save_Before_Publish_Article -->
</testsuite> <!-- com.qait.politico.core.tests.Magazine_Content_Article_Tests -->
