<?xml version="1.0" encoding="UTF-8"?>
<!-- Generated by org.testng.reporters.JUnitReportReporter -->
<testsuite hostname="DLLA1439" name="com.qait.politico.states.tests.PoliticoPro_And_States_User_FE_Licenses_Tests" tests="3" failures="0" timestamp="25 Apr 2018 09:39:33 GMT" time="62.226" errors="2">
  <testcase name="Test002_Verify_Applicable_Licenses_For_User_Are_Highlighted_Under_Policy_Vertical" time="31.777" classname="com.qait.politico.states.tests.PoliticoPro_And_States_User_FE_Licenses_Tests">
    <error type="java.lang.AssertionError" message="FAILED: Element link_under_hamburger not found on the PoliticoProLandingPageActions !!!">
      <![CDATA[java.lang.AssertionError: FAILED: Element link_under_hamburger not found on the PoliticoProLandingPageActions !!!
	at org.testng.Assert.fail(Assert.java:94)
	at com.qait.automation.getpageobjects.GetPage.element(GetPage.java:105)
	at com.qait.automation.keywords.PoliticoPro_LandingPage_Actions.verifyPresenceOfSubscriptions(PoliticoPro_LandingPage_Actions.java:318)
	at com.qait.politico.states.tests.PoliticoPro_And_States_User_FE_Licenses_Tests.Test002_Verify_Applicable_Licenses_For_User_Are_Highlighted_Under_Policy_Vertical(PoliticoPro_And_States_User_FE_Licenses_Tests.java:41)
	at sun.reflect.NativeMethodAccessorImpl.invoke0(Native Method)
	at sun.reflect.NativeMethodAccessorImpl.invoke(Unknown Source)
	at sun.reflect.DelegatingMethodAccessorImpl.invoke(Unknown Source)
	at java.lang.reflect.Method.invoke(Unknown Source)
	at org.testng.internal.MethodInvocationHelper.invokeMethod(MethodInvocationHelper.java:84)
	at org.testng.internal.Invoker.invokeMethod(Invoker.java:714)
	at org.testng.internal.Invoker.invokeTestMethod(Invoker.java:901)
	at org.testng.internal.Invoker.invokeTestMethods(Invoker.java:1231)
	at org.testng.internal.TestMethodWorker.invokeTestMethods(TestMethodWorker.java:127)
	at org.testng.internal.TestMethodWorker.run(TestMethodWorker.java:111)
	at org.testng.TestRunner.privateRun(TestRunner.java:767)
	at org.testng.TestRunner.run(TestRunner.java:617)
	at org.testng.SuiteRunner.runTest(SuiteRunner.java:334)
	at org.testng.SuiteRunner.access$000(SuiteRunner.java:37)
	at org.testng.SuiteRunner$SuiteWorker.run(SuiteRunner.java:368)
	at org.testng.internal.thread.ThreadUtil$2.call(ThreadUtil.java:64)
	at java.util.concurrent.FutureTask.run(Unknown Source)
	at java.util.concurrent.ThreadPoolExecutor.runWorker(Unknown Source)
	at java.util.concurrent.ThreadPoolExecutor$Worker.run(Unknown Source)
	at java.lang.Thread.run(Unknown Source)
]]>
    </error>
  </testcase> <!-- Test002_Verify_Applicable_Licenses_For_User_Are_Highlighted_Under_Policy_Vertical -->
  <testcase name="Test001_PoliticoPro_ClickOnLoginNavigatesToPoliticoProLandingPage" time="30.042" classname="com.qait.politico.states.tests.PoliticoPro_And_States_User_FE_Licenses_Tests">
    <error type="java.lang.AssertionError" message="FAILED: Element updatedheader-ProButton not found on the PoliticoProFrontEndUserLoginActions !!!">
      <![CDATA[java.lang.AssertionError: FAILED: Element updatedheader-ProButton not found on the PoliticoProFrontEndUserLoginActions !!!
	at org.testng.Assert.fail(Assert.java:94)
	at com.qait.automation.getpageobjects.GetPage.element(GetPage.java:105)
	at com.qait.automation.getpageobjects.GetPage.element(GetPage.java:80)
	at com.qait.automation.keywords.PoliticoPro_FrontEnd_UserLogin_Actions.clickProButtonOnHeader(PoliticoPro_FrontEnd_UserLogin_Actions.java:74)
	at com.qait.politico.states.tests.PoliticoPro_And_States_User_FE_Licenses_Tests.Test001_PoliticoPro_ClickOnLoginNavigatesToPoliticoProLandingPage(PoliticoPro_And_States_User_FE_Licenses_Tests.java:25)
	at sun.reflect.NativeMethodAccessorImpl.invoke0(Native Method)
	at sun.reflect.NativeMethodAccessorImpl.invoke(Unknown Source)
	at sun.reflect.DelegatingMethodAccessorImpl.invoke(Unknown Source)
	at java.lang.reflect.Method.invoke(Unknown Source)
	at org.testng.internal.MethodInvocationHelper.invokeMethod(MethodInvocationHelper.java:84)
	at org.testng.internal.Invoker.invokeMethod(Invoker.java:714)
	at org.testng.internal.Invoker.invokeTestMethod(Invoker.java:901)
	at org.testng.internal.Invoker.invokeTestMethods(Invoker.java:1231)
	at org.testng.internal.TestMethodWorker.invokeTestMethods(TestMethodWorker.java:127)
	at org.testng.internal.TestMethodWorker.run(TestMethodWorker.java:111)
	at org.testng.TestRunner.privateRun(TestRunner.java:767)
	at org.testng.TestRunner.run(TestRunner.java:617)
	at org.testng.SuiteRunner.runTest(SuiteRunner.java:334)
	at org.testng.SuiteRunner.access$000(SuiteRunner.java:37)
	at org.testng.SuiteRunner$SuiteWorker.run(SuiteRunner.java:368)
	at org.testng.internal.thread.ThreadUtil$2.call(ThreadUtil.java:64)
	at java.util.concurrent.FutureTask.run(Unknown Source)
	at java.util.concurrent.ThreadPoolExecutor.runWorker(Unknown Source)
	at java.util.concurrent.ThreadPoolExecutor$Worker.run(Unknown Source)
	at java.lang.Thread.run(Unknown Source)
]]>
    </error>
  </testcase> <!-- Test001_PoliticoPro_ClickOnLoginNavigatesToPoliticoProLandingPage -->
  <testcase name="Test003_Verify_Applicable_Licenses_For_User_Are_Highlighted_Under_State_Vertical" time="0.407" classname="com.qait.politico.states.tests.PoliticoPro_And_States_User_FE_Licenses_Tests"/>
</testsuite> <!-- com.qait.politico.states.tests.PoliticoPro_And_States_User_FE_Licenses_Tests -->
