<?xml version="1.0" encoding="UTF-8"?>
<!-- Generated by org.testng.reporters.JUnitReportReporter -->
<testsuite hostname="DLLA1439" name="com.qait.politico.states.tests.PoliticoStates_FE_Licenses_Tests" tests="6" failures="0" timestamp="25 Apr 2018 16:28:10 GMT" time="182.147" errors="4">
  <testcase name="Test001_PoliticoPro_ClickOnLoginNavigatesToPoliticoProLandingPage" time="63.656" classname="com.qait.politico.states.tests.PoliticoStates_FE_Licenses_Tests"/>
  <testcase name="Test006_Verify_StatesOnlyUser_CanAccess_Documents" time="5.490" classname="com.qait.politico.states.tests.PoliticoStates_FE_Licenses_Tests">
    <error type="java.lang.AssertionError" message="FAILED: Element link_under_hamburger not found on the PoliticoProLandingPageActions !!!">
      <![CDATA[java.lang.AssertionError: FAILED: Element link_under_hamburger not found on the PoliticoProLandingPageActions !!!
	at org.testng.Assert.fail(Assert.java:94)
	at com.qait.automation.getpageobjects.GetPage.element(GetPage.java:105)
	at com.qait.automation.keywords.PoliticoPro_LandingPage_Actions.verifyClicking_OnDocuments_NavigatesToDocumentsPage(PoliticoPro_LandingPage_Actions.java:434)
	at com.qait.politico.states.tests.PoliticoStates_FE_Licenses_Tests.Test006_Verify_StatesOnlyUser_CanAccess_Documents(PoliticoStates_FE_Licenses_Tests.java:74)
	at sun.reflect.NativeMethodAccessorImpl.invoke0(Native Method)
	at sun.reflect.NativeMethodAccessorImpl.invoke(Unknown Source)
	at sun.reflect.DelegatingMethodAccessorImpl.invoke(Unknown Source)
	at java.lang.reflect.Method.invoke(Unknown Source)
	at org.testng.internal.MethodInvocationHelper.invokeMethod(MethodInvocationHelper.java:84)
	at org.testng.internal.Invoker.invokeMethod(Invoker.java:714)
	at org.testng.internal.Invoker.invokeTestMethod(Invoker.java:901)
	at org.testng.internal.Invoker.invokeTestMethods(Invoker.java:1231)
	at org.testng.internal.TestMethodWorker.invokeTestMethods(TestMethodWorker.java:127)
	at org.testng.internal.TestMethodWorker.run(TestMethodWorker.java:111)
	at org.testng.TestRunner.privateRun(TestRunner.java:767)
	at org.testng.TestRunner.run(TestRunner.java:617)
	at org.testng.SuiteRunner.runTest(SuiteRunner.java:334)
	at org.testng.SuiteRunner.access$000(SuiteRunner.java:37)
	at org.testng.SuiteRunner$SuiteWorker.run(SuiteRunner.java:368)
	at org.testng.internal.thread.ThreadUtil$2.call(ThreadUtil.java:64)
	at java.util.concurrent.FutureTask.run(Unknown Source)
	at java.util.concurrent.ThreadPoolExecutor.runWorker(Unknown Source)
	at java.util.concurrent.ThreadPoolExecutor$Worker.run(Unknown Source)
	at java.lang.Thread.run(Unknown Source)
]]>
    </error>
  </testcase> <!-- Test006_Verify_StatesOnlyUser_CanAccess_Documents -->
  <testcase name="Test003_Navigate_To_StatePolicyPage" time="32.151" classname="com.qait.politico.states.tests.PoliticoStates_FE_Licenses_Tests">
    <error type="java.lang.AssertionError" message="FAILED: Element link_Hamburger_StatePolicy not found on the PoliticoProLandingPageActions !!!">
      <![CDATA[java.lang.AssertionError: FAILED: Element link_Hamburger_StatePolicy not found on the PoliticoProLandingPageActions !!!
	at org.testng.Assert.fail(Assert.java:94)
	at com.qait.automation.getpageobjects.GetPage.element(GetPage.java:105)
	at com.qait.automation.keywords.PoliticoPro_LandingPage_Actions.selectStatesPolicyFromHamburgerMenu(PoliticoPro_LandingPage_Actions.java:123)
	at com.qait.politico.states.tests.PoliticoStates_FE_Licenses_Tests.Test003_Navigate_To_StatePolicyPage(PoliticoStates_FE_Licenses_Tests.java:52)
	at sun.reflect.NativeMethodAccessorImpl.invoke0(Native Method)
	at sun.reflect.NativeMethodAccessorImpl.invoke(Unknown Source)
	at sun.reflect.DelegatingMethodAccessorImpl.invoke(Unknown Source)
	at java.lang.reflect.Method.invoke(Unknown Source)
	at org.testng.internal.MethodInvocationHelper.invokeMethod(MethodInvocationHelper.java:84)
	at org.testng.internal.Invoker.invokeMethod(Invoker.java:714)
	at org.testng.internal.Invoker.invokeTestMethod(Invoker.java:901)
	at org.testng.internal.Invoker.invokeTestMethods(Invoker.java:1231)
	at org.testng.internal.TestMethodWorker.invokeTestMethods(TestMethodWorker.java:127)
	at org.testng.internal.TestMethodWorker.run(TestMethodWorker.java:111)
	at org.testng.TestRunner.privateRun(TestRunner.java:767)
	at org.testng.TestRunner.run(TestRunner.java:617)
	at org.testng.SuiteRunner.runTest(SuiteRunner.java:334)
	at org.testng.SuiteRunner.access$000(SuiteRunner.java:37)
	at org.testng.SuiteRunner$SuiteWorker.run(SuiteRunner.java:368)
	at org.testng.internal.thread.ThreadUtil$2.call(ThreadUtil.java:64)
	at java.util.concurrent.FutureTask.run(Unknown Source)
	at java.util.concurrent.ThreadPoolExecutor.runWorker(Unknown Source)
	at java.util.concurrent.ThreadPoolExecutor$Worker.run(Unknown Source)
	at java.lang.Thread.run(Unknown Source)
]]>
    </error>
  </testcase> <!-- Test003_Navigate_To_StatePolicyPage -->
  <testcase name="Test004_VerifySectionsOnStateTagPage" time="30.064" classname="com.qait.politico.states.tests.PoliticoStates_FE_Licenses_Tests">
    <error type="java.lang.AssertionError" message="FAILED: Element link_SubNav_Title not found on the PoliticoProLandingPageActions !!!">
      <![CDATA[java.lang.AssertionError: FAILED: Element link_SubNav_Title not found on the PoliticoProLandingPageActions !!!
	at org.testng.Assert.fail(Assert.java:94)
	at com.qait.automation.getpageobjects.GetPage.element(GetPage.java:105)
	at com.qait.automation.getpageobjects.GetPage.element(GetPage.java:80)
	at com.qait.automation.keywords.PoliticoPro_LandingPage_Actions.verifyClickingSubNavigationTitle(PoliticoPro_LandingPage_Actions.java:1259)
	at com.qait.politico.states.tests.PoliticoStates_FE_Licenses_Tests.Test004_VerifySectionsOnStateTagPage(PoliticoStates_FE_Licenses_Tests.java:58)
	at sun.reflect.NativeMethodAccessorImpl.invoke0(Native Method)
	at sun.reflect.NativeMethodAccessorImpl.invoke(Unknown Source)
	at sun.reflect.DelegatingMethodAccessorImpl.invoke(Unknown Source)
	at java.lang.reflect.Method.invoke(Unknown Source)
	at org.testng.internal.MethodInvocationHelper.invokeMethod(MethodInvocationHelper.java:84)
	at org.testng.internal.Invoker.invokeMethod(Invoker.java:714)
	at org.testng.internal.Invoker.invokeTestMethod(Invoker.java:901)
	at org.testng.internal.Invoker.invokeTestMethods(Invoker.java:1231)
	at org.testng.internal.TestMethodWorker.invokeTestMethods(TestMethodWorker.java:127)
	at org.testng.internal.TestMethodWorker.run(TestMethodWorker.java:111)
	at org.testng.TestRunner.privateRun(TestRunner.java:767)
	at org.testng.TestRunner.run(TestRunner.java:617)
	at org.testng.SuiteRunner.runTest(SuiteRunner.java:334)
	at org.testng.SuiteRunner.access$000(SuiteRunner.java:37)
	at org.testng.SuiteRunner$SuiteWorker.run(SuiteRunner.java:368)
	at org.testng.internal.thread.ThreadUtil$2.call(ThreadUtil.java:64)
	at java.util.concurrent.FutureTask.run(Unknown Source)
	at java.util.concurrent.ThreadPoolExecutor.runWorker(Unknown Source)
	at java.util.concurrent.ThreadPoolExecutor$Worker.run(Unknown Source)
	at java.lang.Thread.run(Unknown Source)
]]>
    </error>
  </testcase> <!-- Test004_VerifySectionsOnStateTagPage -->
  <testcase name="Test002_Verify_StateLicenses_Are_Visible_UnderStateNews" time="33.461" classname="com.qait.politico.states.tests.PoliticoStates_FE_Licenses_Tests">
    <error type="java.lang.AssertionError" message="FAILED: Element link_under_hamburger not found on the PoliticoProLandingPageActions !!!">
      <![CDATA[java.lang.AssertionError: FAILED: Element link_under_hamburger not found on the PoliticoProLandingPageActions !!!
	at org.testng.Assert.fail(Assert.java:94)
	at com.qait.automation.getpageobjects.GetPage.element(GetPage.java:105)
	at com.qait.automation.keywords.PoliticoPro_LandingPage_Actions.verifyPresenceOfSubscriptions(PoliticoPro_LandingPage_Actions.java:319)
	at com.qait.politico.states.tests.PoliticoStates_FE_Licenses_Tests.Test002_Verify_StateLicenses_Are_Visible_UnderStateNews(PoliticoStates_FE_Licenses_Tests.java:45)
	at sun.reflect.NativeMethodAccessorImpl.invoke0(Native Method)
	at sun.reflect.NativeMethodAccessorImpl.invoke(Unknown Source)
	at sun.reflect.DelegatingMethodAccessorImpl.invoke(Unknown Source)
	at java.lang.reflect.Method.invoke(Unknown Source)
	at org.testng.internal.MethodInvocationHelper.invokeMethod(MethodInvocationHelper.java:84)
	at org.testng.internal.Invoker.invokeMethod(Invoker.java:714)
	at org.testng.internal.Invoker.invokeTestMethod(Invoker.java:901)
	at org.testng.internal.Invoker.invokeTestMethods(Invoker.java:1231)
	at org.testng.internal.TestMethodWorker.invokeTestMethods(TestMethodWorker.java:127)
	at org.testng.internal.TestMethodWorker.run(TestMethodWorker.java:111)
	at org.testng.TestRunner.privateRun(TestRunner.java:767)
	at org.testng.TestRunner.run(TestRunner.java:617)
	at org.testng.SuiteRunner.runTest(SuiteRunner.java:334)
	at org.testng.SuiteRunner.access$000(SuiteRunner.java:37)
	at org.testng.SuiteRunner$SuiteWorker.run(SuiteRunner.java:368)
	at org.testng.internal.thread.ThreadUtil$2.call(ThreadUtil.java:64)
	at java.util.concurrent.FutureTask.run(Unknown Source)
	at java.util.concurrent.ThreadPoolExecutor.runWorker(Unknown Source)
	at java.util.concurrent.ThreadPoolExecutor$Worker.run(Unknown Source)
	at java.lang.Thread.run(Unknown Source)
]]>
    </error>
  </testcase> <!-- Test002_Verify_StateLicenses_Are_Visible_UnderStateNews -->
  <testcase name="Test005_Verify_StatesOnlyUser_CannotAccess_CDAndLC" time="17.325" classname="com.qait.politico.states.tests.PoliticoStates_FE_Licenses_Tests"/>
</testsuite> <!-- com.qait.politico.states.tests.PoliticoStates_FE_Licenses_Tests -->
