<?xml version="1.0" encoding="UTF-8"?>
<!-- Generated by org.testng.reporters.JUnitReportReporter -->
<testsuite hostname="DLLA1439" name="com.qait.politico.LegCompass.tests.YourPreferencePageTest" tests="15" failures="0" timestamp="24 Apr 2018 08:49:44 GMT" time="371.802" errors="2">
  <testcase name="Test011_Verify_Folders" time="5.231" classname="com.qait.politico.LegCompass.tests.YourPreferencePageTest"/>
  <testcase name="Test008_See_Bills" time="6.410" classname="com.qait.politico.LegCompass.tests.YourPreferencePageTest">
    <error type="java.lang.AssertionError" message="expected [true] but found [false]">
      <![CDATA[java.lang.AssertionError: expected [true] but found [false]
	at org.testng.Assert.fail(Assert.java:94)
	at org.testng.Assert.failNotEquals(Assert.java:494)
	at org.testng.Assert.assertTrue(Assert.java:42)
	at org.testng.Assert.assertTrue(Assert.java:52)
	at com.qait.LegCompass.keywords.YourPreferencePage.seeAllBills(YourPreferencePage.java:240)
	at com.qait.politico.LegCompass.tests.YourPreferencePageTest.Test008_See_Bills(YourPreferencePageTest.java:113)
	at sun.reflect.NativeMethodAccessorImpl.invoke0(Native Method)
	at sun.reflect.NativeMethodAccessorImpl.invoke(NativeMethodAccessorImpl.java:62)
	at sun.reflect.DelegatingMethodAccessorImpl.invoke(DelegatingMethodAccessorImpl.java:43)
	at java.lang.reflect.Method.invoke(Method.java:498)
	at org.testng.internal.MethodInvocationHelper.invokeMethod(MethodInvocationHelper.java:84)
	at org.testng.internal.Invoker.invokeMethod(Invoker.java:714)
	at org.testng.internal.Invoker.invokeTestMethod(Invoker.java:901)
	at org.testng.internal.Invoker.invokeTestMethods(Invoker.java:1231)
	at org.testng.internal.TestMethodWorker.invokeTestMethods(TestMethodWorker.java:127)
	at org.testng.internal.TestMethodWorker.run(TestMethodWorker.java:111)
	at org.testng.TestRunner.privateRun(TestRunner.java:767)
	at org.testng.TestRunner.run(TestRunner.java:617)
	at org.testng.SuiteRunner.runTest(SuiteRunner.java:334)
	at org.testng.SuiteRunner.access$000(SuiteRunner.java:37)
	at org.testng.SuiteRunner$SuiteWorker.run(SuiteRunner.java:368)
	at org.testng.internal.thread.ThreadUtil$2.call(ThreadUtil.java:64)
	at java.util.concurrent.FutureTask.run(FutureTask.java:266)
	at java.util.concurrent.ThreadPoolExecutor.runWorker(ThreadPoolExecutor.java:1149)
	at java.util.concurrent.ThreadPoolExecutor$Worker.run(ThreadPoolExecutor.java:624)
	at java.lang.Thread.run(Thread.java:748)
]]>
    </error>
  </testcase> <!-- Test008_See_Bills -->
  <testcase name="Test002_Launch_LegislativeCompass" time="15.835" classname="com.qait.politico.LegCompass.tests.YourPreferencePageTest"/>
  <testcase name="Test011_See_Notes" time="6.085" classname="com.qait.politico.LegCompass.tests.YourPreferencePageTest"/>
  <testcase name="Test010_VerifyViewNote" time="25.476" classname="com.qait.politico.LegCompass.tests.YourPreferencePageTest"/>
  <testcase name="Test013_Verify_Recently_Viewed" time="69.267" classname="com.qait.politico.LegCompass.tests.YourPreferencePageTest"/>
  <testcase name="Test005_Verify_Alerts_Tracked_Legislation" time="33.770" classname="com.qait.politico.LegCompass.tests.YourPreferencePageTest"/>
  <testcase name="Test001_Login" time="57.013" classname="com.qait.politico.LegCompass.tests.YourPreferencePageTest"/>
  <testcase name="Test003_Track_Functionality_For_Federal_Bill" time="23.231" classname="com.qait.politico.LegCompass.tests.YourPreferencePageTest">
    <error type="java.lang.AssertionError" message="FAILED: Element radio-howOften not found on the BillDetailPage !!!">
      <![CDATA[java.lang.AssertionError: FAILED: Element radio-howOften not found on the BillDetailPage !!!
	at org.testng.Assert.fail(Assert.java:94)
	at com.qait.automation.getpageobjects.GetPage.element(GetPage.java:105)
	at com.qait.LegCompass.keywords.BillDetailPage.selectFrequencyForEmail(BillDetailPage.java:237)
	at com.qait.politico.LegCompass.tests.YourPreferencePageTest.Test003_Track_Functionality_For_Federal_Bill(YourPreferencePageTest.java:36)
	at sun.reflect.NativeMethodAccessorImpl.invoke0(Native Method)
	at sun.reflect.NativeMethodAccessorImpl.invoke(NativeMethodAccessorImpl.java:62)
	at sun.reflect.DelegatingMethodAccessorImpl.invoke(DelegatingMethodAccessorImpl.java:43)
	at java.lang.reflect.Method.invoke(Method.java:498)
	at org.testng.internal.MethodInvocationHelper.invokeMethod(MethodInvocationHelper.java:84)
	at org.testng.internal.Invoker.invokeMethod(Invoker.java:714)
	at org.testng.internal.Invoker.invokeTestMethod(Invoker.java:901)
	at org.testng.internal.Invoker.invokeTestMethods(Invoker.java:1231)
	at org.testng.internal.TestMethodWorker.invokeTestMethods(TestMethodWorker.java:127)
	at org.testng.internal.TestMethodWorker.run(TestMethodWorker.java:111)
	at org.testng.TestRunner.privateRun(TestRunner.java:767)
	at org.testng.TestRunner.run(TestRunner.java:617)
	at org.testng.SuiteRunner.runTest(SuiteRunner.java:334)
	at org.testng.SuiteRunner.access$000(SuiteRunner.java:37)
	at org.testng.SuiteRunner$SuiteWorker.run(SuiteRunner.java:368)
	at org.testng.internal.thread.ThreadUtil$2.call(ThreadUtil.java:64)
	at java.util.concurrent.FutureTask.run(FutureTask.java:266)
	at java.util.concurrent.ThreadPoolExecutor.runWorker(ThreadPoolExecutor.java:1149)
	at java.util.concurrent.ThreadPoolExecutor$Worker.run(ThreadPoolExecutor.java:624)
	at java.lang.Thread.run(Thread.java:748)
]]>
    </error>
  </testcase> <!-- Test003_Track_Functionality_For_Federal_Bill -->
  <testcase name="Test014_See_All_Recently_Viewed" time="26.698" classname="com.qait.politico.LegCompass.tests.YourPreferencePageTest"/>
  <testcase name="Test012_See_Folders" time="6.420" classname="com.qait.politico.LegCompass.tests.YourPreferencePageTest"/>
  <testcase name="Test007_Verify_Bill_Removed" time="13.656" classname="com.qait.politico.LegCompass.tests.YourPreferencePageTest"/>
  <testcase name="Test009_Verify_Notes" time="9.484" classname="com.qait.politico.LegCompass.tests.YourPreferencePageTest"/>
  <testcase name="Test004_Verify_Tracked_Legislation" time="65.377" classname="com.qait.politico.LegCompass.tests.YourPreferencePageTest"/>
  <testcase name="Test006_Verify_Sorting_Columns" time="7.849" classname="com.qait.politico.LegCompass.tests.YourPreferencePageTest"/>
</testsuite> <!-- com.qait.politico.LegCompass.tests.YourPreferencePageTest -->
